d:\gamedev\final_project_aladdin_genesis\final_project_aladdin_genesis\debug\vc120.pdb
d:\gamedev\final_project_aladdin_genesis\final_project_aladdin_genesis\debug\vc120.idb
d:\gamedev\final_project_aladdin_genesis\final_project_aladdin_genesis\debug\directx.obj
d:\gamedev\final_project_aladdin_genesis\final_project_aladdin_genesis\debug\readxml.obj
d:\gamedev\final_project_aladdin_genesis\final_project_aladdin_genesis\debug\sprite.obj
d:\gamedev\final_project_aladdin_genesis\final_project_aladdin_genesis\debug\trace.obj
d:\gamedev\final_project_aladdin_genesis\final_project_aladdin_genesis\debug\aladdin.obj
d:\gamedev\final_project_aladdin_genesis\final_project_aladdin_genesis\debug\game.obj
d:\gamedev\final_project_aladdin_genesis\final_project_aladdin_genesis\debug\winmain.obj
d:\gamedev\final_project_aladdin_genesis\final_project_aladdin_genesis\debug\camera.obj
d:\gamedev\final_project_aladdin_genesis\final_project_aladdin_genesis\debug\gameobject.obj
d:\gamedev\final_project_aladdin_genesis\final_project_aladdin_genesis\debug\sweptaabb.obj
d:\gamedev\final_project_aladdin_genesis\final_project_aladdin_genesis\debug\box.obj
d:\gamedev\final_project_aladdin_genesis\final_project_aladdin_genesis\debug\baseobject.obj
d:\gamedev\final_project_aladdin_genesis\final_project_aladdin_genesis\debug\quadnode.obj
d:\gamedev\final_project_aladdin_genesis\final_project_aladdin_genesis\debug\ground.obj
d:\gamedev\final_project_aladdin_genesis\final_project_aladdin_genesis\debug\map.obj
d:\gamedev\final_project_aladdin_genesis\final_project_aladdin_genesis\debug\quadtree.obj
d:\gamedev\final_project_aladdin_genesis\final_project_aladdin_genesis\debug\collision.obj
d:\gamedev\final_project_aladdin_genesis\final_project_aladdin_genesis\debug\rope.obj
d:\gamedev\final_project_aladdin_genesis\final_project_aladdin_genesis\debug\collarbeam.obj
d:\gamedev\final_project_aladdin_genesis\final_project_aladdin_genesis\debug\camel.obj
d:\gamedev\final_project_aladdin_genesis\final_project_aladdin_genesis\debug\guard2.obj
d:\gamedev\final_project_aladdin_genesis\final_project_aladdin_genesis\debug\guard3.obj
d:\gamedev\final_project_aladdin_genesis\final_project_aladdin_genesis\debug\guard1.obj
d:\gamedev\final_project_aladdin_genesis\final_project_aladdin_genesis\debug\jar.obj
d:\gamedev\final_project_aladdin_genesis\final_project_aladdin_genesis\debug\knife.obj
d:\gamedev\final_project_aladdin_genesis\final_project_aladdin_genesis\debug\apple.obj
d:\gamedev\final_project_aladdin_genesis\final_project_aladdin_genesis\debug\jarthrower.obj
d:\gamedev\final_project_aladdin_genesis\final_project_aladdin_genesis\debug\spritemanager.obj
d:\gamedev\final_project_aladdin_genesis\final_project_aladdin_genesis\debug\spittle.obj
d:\gamedev\final_project_aladdin_genesis\final_project_aladdin_genesis\debug\sword.obj
d:\gamedev\final_project_aladdin_genesis\final_project_aladdin_genesis\debug\swordsman.obj
d:\gamedev\final_project_aladdin_genesis\final_project_aladdin_genesis\debug\texturemanager.obj
d:\gamedev\final_project_aladdin_genesis\final_project_aladdin_genesis\debug\rod.obj
d:\gamedev\final_project_aladdin_genesis\final_project_aladdin_genesis\debug\lamp.obj
d:\gamedev\final_project_aladdin_genesis\final_project_aladdin_genesis\debug\ruby.obj
d:\gamedev\final_project_aladdin_genesis\final_project_aladdin_genesis\debug\enemy.obj
d:\gamedev\final_project_aladdin_genesis\final_project_aladdin_genesis\debug\abu.obj
d:\gamedev\final_project_aladdin_genesis\final_project_aladdin_genesis\debug\blueheart.obj
d:\gamedev\final_project_aladdin_genesis\final_project_aladdin_genesis\debug\genieface.obj
d:\gamedev\final_project_aladdin_genesis\final_project_aladdin_genesis\debug\geniejar.obj
d:\gamedev\final_project_aladdin_genesis\final_project_aladdin_genesis\debug\item.obj
d:\gamedev\final_project_aladdin_genesis\final_project_aladdin_genesis\debug\theft.obj
d:\gamedev\final_project_aladdin_genesis\final_project_aladdin_genesis\debug\fire.obj
d:\gamedev\final_project_aladdin_genesis\final_project_aladdin_genesis\debug\firecarpet.obj
d:\gamedev\final_project_aladdin_genesis\final_project_aladdin_genesis\debug\fallingground.obj
d:\gamedev\final_project_aladdin_genesis\final_project_aladdin_genesis\debug\boss.obj
d:\gamedev\final_project_aladdin_genesis\final_project_aladdin_genesis\debug\star.obj
d:\gamedev\final_project_aladdin_genesis\final_project_aladdin_genesis\debug\bloodbar.obj
d:\gamedev\final_project_aladdin_genesis\final_project_aladdin_genesis\debug\aladdinface.obj
d:\gamedev\final_project_aladdin_genesis\debug\final_project_aladdin_genesis.ilk
d:\gamedev\final_project_aladdin_genesis\debug\final_project_aladdin_genesis.exe
d:\gamedev\final_project_aladdin_genesis\debug\final_project_aladdin_genesis.pdb
d:\gamedev\final_project_aladdin_genesis\final_project_aladdin_genesis\debug\final_pr.122e5701.tlog\cl.command.1.tlog
d:\gamedev\final_project_aladdin_genesis\final_project_aladdin_genesis\debug\final_pr.122e5701.tlog\cl.read.1.tlog
d:\gamedev\final_project_aladdin_genesis\final_project_aladdin_genesis\debug\final_pr.122e5701.tlog\cl.write.1.tlog
d:\gamedev\final_project_aladdin_genesis\final_project_aladdin_genesis\debug\final_pr.122e5701.tlog\link.command.1.tlog
d:\gamedev\final_project_aladdin_genesis\final_project_aladdin_genesis\debug\final_pr.122e5701.tlog\link.read.1.tlog
d:\gamedev\final_project_aladdin_genesis\final_project_aladdin_genesis\debug\final_pr.122e5701.tlog\link.write.1.tlog
